android/app/build/intermediates/manifest_merge_blame_file/debug/manifest-merger-blame-debug-report.txt
1<?xml version="1.0" encoding="utf-8"?>
2<manifest xmlns:android="http://schemas.android.com/apk/res/android"
3    package="com.example.home4u"
4    android:versionCode="1"
5    android:versionName="1.0" >
6
7    <uses-sdk
8        android:minSdkVersion="26"
8-->src/main/AndroidManifest.xml
9        android:targetSdkVersion="33" />
9-->src/main/AndroidManifest.xml
10
11    <uses-permission android:name="android.permission.POST_NOTIFICATIONS" />
11-->src/main/AndroidManifest.xml:5:5-77
11-->src/main/AndroidManifest.xml:5:22-74
12    <uses-permission android:name="android.permission.RECEIVE_BOOT_COMPLETED" />
12-->src/main/AndroidManifest.xml:6:5-81
12-->src/main/AndroidManifest.xml:6:22-78
13    <uses-permission android:name="android.permission.WAKE_LOCK" />
13-->src/main/AndroidManifest.xml:8:5-68
13-->src/main/AndroidManifest.xml:8:22-65
14    <uses-permission android:name="android.permission.ACCESS_NETWORK_STATE" />
14-->src/main/AndroidManifest.xml:9:5-79
14-->src/main/AndroidManifest.xml:9:22-76
15    <uses-permission android:name="android.permission.INTERNET" />
15-->src/main/AndroidManifest.xml:10:5-67
15-->src/main/AndroidManifest.xml:10:22-64
16    <uses-permission android:name="android.permission.READ_PHONE_STATE" />
16-->src/main/AndroidManifest.xml:11:5-75
16-->src/main/AndroidManifest.xml:11:22-72
17
18    <permission
18-->[androidx.core:core:1.9.0] AndroidManifest.xml:22:5-24:47
19        android:name="com.example.home4u.DYNAMIC_RECEIVER_NOT_EXPORTED_PERMISSION"
19-->[androidx.core:core:1.9.0] AndroidManifest.xml:23:9-81
20        android:protectionLevel="signature" />
20-->[androidx.core:core:1.9.0] AndroidManifest.xml:24:9-44
21
22    <uses-permission android:name="com.example.home4u.DYNAMIC_RECEIVER_NOT_EXPORTED_PERMISSION" />
22-->[androidx.core:core:1.9.0] AndroidManifest.xml:26:5-97
22-->[androidx.core:core:1.9.0] AndroidManifest.xml:26:22-94
23
24    <application
24-->src/main/AndroidManifest.xml:13:5-54:19
25        android:name="com.example.home4u.MyApp"
25-->src/main/AndroidManifest.xml:15:9-30
26        android:allowBackup="true"
26-->src/main/AndroidManifest.xml:14:9-35
27        android:appComponentFactory="androidx.core.app.CoreComponentFactory"
27-->[androidx.core:core:1.9.0] AndroidManifest.xml:28:18-86
28        android:dataExtractionRules="@xml/data_extraction_rules"
28-->src/main/AndroidManifest.xml:16:9-65
29        android:debuggable="true"
30        android:extractNativeLibs="false"
31        android:fullBackupContent="@xml/backup_rules"
31-->src/main/AndroidManifest.xml:17:9-54
32        android:icon="@mipmap/ic_launcher"
32-->src/main/AndroidManifest.xml:18:9-43
33        android:label="@string/app_name"
33-->src/main/AndroidManifest.xml:20:9-41
34        android:networkSecurityConfig="@xml/network_security_config"
34-->src/main/AndroidManifest.xml:19:9-69
35        android:supportsRtl="true"
35-->src/main/AndroidManifest.xml:21:9-35
36        android:testOnly="true"
37        android:theme="@style/Theme.Home4U" >
37-->src/main/AndroidManifest.xml:22:9-44
38        <activity
38-->src/main/AndroidManifest.xml:24:9-32:20
39            android:name="com.example.home4u.MainActivity"
39-->src/main/AndroidManifest.xml:25:13-41
40            android:exported="true" >
40-->src/main/AndroidManifest.xml:26:13-36
41            <intent-filter>
41-->src/main/AndroidManifest.xml:27:13-31:29
42                <action android:name="android.intent.action.MAIN" />
42-->src/main/AndroidManifest.xml:28:17-69
42-->src/main/AndroidManifest.xml:28:25-66
43
44                <category android:name="android.intent.category.LAUNCHER" />
44-->src/main/AndroidManifest.xml:30:17-77
44-->src/main/AndroidManifest.xml:30:27-74
45            </intent-filter>
46        </activity>
47        <activity android:name="com.example.home4u.alarm.AlarmActivity" />
47-->src/main/AndroidManifest.xml:34:9-56
47-->src/main/AndroidManifest.xml:34:19-54
48        <activity android:name="com.example.home4u.MusicSelectActivity" />
48-->src/main/AndroidManifest.xml:35:9-56
48-->src/main/AndroidManifest.xml:35:19-54
49
50        <service
50-->src/main/AndroidManifest.xml:37:9-40:15
51            android:name="com.example.home4u.alarm.AlarmNotifierService"
51-->src/main/AndroidManifest.xml:38:13-55
52            android:launchMode="singleInstance" />
52-->src/main/AndroidManifest.xml:39:13-48
53        <service android:name="org.eclipse.paho.android.service.MqttService" />
53-->src/main/AndroidManifest.xml:42:9-80
53-->src/main/AndroidManifest.xml:42:18-77
54
55        <!-- Inspired by ChatGPT -->
56        <receiver
56-->src/main/AndroidManifest.xml:46:9-53:20
57            android:name="com.example.home4u.OnBootedReceiver"
57-->src/main/AndroidManifest.xml:47:13-45
58            android:enabled="true"
58-->src/main/AndroidManifest.xml:48:13-35
59            android:exported="false" >
59-->src/main/AndroidManifest.xml:49:13-37
60            <intent-filter>
60-->src/main/AndroidManifest.xml:50:13-52:29
61                <action android:name="android.intent.action.BOOT_COMPLETED" />
61-->src/main/AndroidManifest.xml:51:17-79
61-->src/main/AndroidManifest.xml:51:25-76
62            </intent-filter>
63        </receiver>
64
65        <service
65-->[com.google.firebase:firebase-database:20.2.0] AndroidManifest.xml:28:9-34:19
66            android:name="com.google.firebase.components.ComponentDiscoveryService"
66-->[com.google.firebase:firebase-database:20.2.0] AndroidManifest.xml:29:13-84
67            android:directBootAware="true"
67-->[com.google.firebase:firebase-common:20.3.2] AndroidManifest.xml:34:13-43
68            android:exported="false" >
68-->[com.google.firebase:firebase-database:20.2.0] AndroidManifest.xml:30:13-37
69            <meta-data
69-->[com.google.firebase:firebase-database:20.2.0] AndroidManifest.xml:31:13-33:85
70                android:name="com.google.firebase.components:com.google.firebase.database.DatabaseRegistrar"
70-->[com.google.firebase:firebase-database:20.2.0] AndroidManifest.xml:32:17-109
71                android:value="com.google.firebase.components.ComponentRegistrar" />
71-->[com.google.firebase:firebase-database:20.2.0] AndroidManifest.xml:33:17-82
72        </service>
73
74        <activity
74-->[com.google.android.gms:play-services-base:18.1.0] AndroidManifest.xml:20:9-22:45
75            android:name="com.google.android.gms.common.api.GoogleApiActivity"
75-->[com.google.android.gms:play-services-base:18.1.0] AndroidManifest.xml:20:19-85
76            android:exported="false"
76-->[com.google.android.gms:play-services-base:18.1.0] AndroidManifest.xml:22:19-43
77            android:theme="@android:style/Theme.Translucent.NoTitleBar" />
77-->[com.google.android.gms:play-services-base:18.1.0] AndroidManifest.xml:21:19-78
78
79        <provider
79-->[com.google.firebase:firebase-common:20.3.2] AndroidManifest.xml:25:9-30:39
80            android:name="com.google.firebase.provider.FirebaseInitProvider"
80-->[com.google.firebase:firebase-common:20.3.2] AndroidManifest.xml:26:13-77
81            android:authorities="com.example.home4u.firebaseinitprovider"
81-->[com.google.firebase:firebase-common:20.3.2] AndroidManifest.xml:27:13-72
82            android:directBootAware="true"
82-->[com.google.firebase:firebase-common:20.3.2] AndroidManifest.xml:28:13-43
83            android:exported="false"
83-->[com.google.firebase:firebase-common:20.3.2] AndroidManifest.xml:29:13-37
84            android:initOrder="100" />
84-->[com.google.firebase:firebase-common:20.3.2] AndroidManifest.xml:30:13-36
85
86        <meta-data
86-->[com.google.android.gms:play-services-basement:18.1.0] AndroidManifest.xml:21:9-23:69
87            android:name="com.google.android.gms.version"
87-->[com.google.android.gms:play-services-basement:18.1.0] AndroidManifest.xml:22:13-58
88            android:value="@integer/google_play_services_version" />
88-->[com.google.android.gms:play-services-basement:18.1.0] AndroidManifest.xml:23:13-66
89
90        <provider
90-->[androidx.emoji2:emoji2:1.2.0] AndroidManifest.xml:24:9-32:20
91            android:name="androidx.startup.InitializationProvider"
91-->[androidx.emoji2:emoji2:1.2.0] AndroidManifest.xml:25:13-67
92            android:authorities="com.example.home4u.androidx-startup"
92-->[androidx.emoji2:emoji2:1.2.0] AndroidManifest.xml:26:13-68
93            android:exported="false" >
93-->[androidx.emoji2:emoji2:1.2.0] AndroidManifest.xml:27:13-37
94            <meta-data
94-->[androidx.emoji2:emoji2:1.2.0] AndroidManifest.xml:29:13-31:52
95                android:name="androidx.emoji2.text.EmojiCompatInitializer"
95-->[androidx.emoji2:emoji2:1.2.0] AndroidManifest.xml:30:17-75
96                android:value="androidx.startup" />
96-->[androidx.emoji2:emoji2:1.2.0] AndroidManifest.xml:31:17-49
97            <meta-data
97-->[androidx.lifecycle:lifecycle-process:2.4.1] AndroidManifest.xml:31:13-33:52
98                android:name="androidx.lifecycle.ProcessLifecycleInitializer"
98-->[androidx.lifecycle:lifecycle-process:2.4.1] AndroidManifest.xml:32:17-78
99                android:value="androidx.startup" />
99-->[androidx.lifecycle:lifecycle-process:2.4.1] AndroidManifest.xml:33:17-49
100        </provider>
101    </application>
102
103</manifest>